[{"line":2,"elements":[{"start_timestamp":"2023-08-04T04:42:23.109Z","before":[{"result":{"duration":3234671000,"status":"passed"},"match":{"location":"com.testUI.bravoCare.stepdefinitions.Hook.setup()"}}],"line":5,"name":"Happy Path(Correct username-Correct Password)","description":"","id":"testing-login-functionality-for-bravocare;happy-path(correct-username-correct-password)","after":[{"result":{"duration":116501000,"status":"passed"},"match":{"location":"com.testUI.bravoCare.stepdefinitions.Hook.tearDown(io.cucumber.java.Scenario)"}}],"type":"scenario","keyword":"Scenario","steps":[{"result":{"duration":202384000,"status":"passed"},"line":6,"name":"User provides 'qa_candidate@email.com','qa_password4' and clicks login button","match":{"arguments":[{"val":"'qa_candidate@email.com'","offset":14},{"val":"'qa_password4'","offset":39}],"location":"com.testUI.bravoCare.stepdefinitions.LoginStepDef.userProvideAndClicksLoginButton(java.lang.String,java.lang.String)"},"keyword":"When "},{"result":{"duration":5981000,"status":"passed"},"line":7,"name":"User validates 'https://joomgi.com/login'","match":{"arguments":[{"val":"'https://joomgi.com/login'","offset":15}],"location":"com.testUI.bravoCare.stepdefinitions.LoginStepDef.userValidates(java.lang.String)"},"keyword":"Then "}],"tags":[{"name":"@smoke"}]},{"start_timestamp":"2023-08-04T04:42:26.685Z","before":[{"result":{"duration":2118167000,"status":"passed"},"match":{"location":"com.testUI.bravoCare.stepdefinitions.Hook.setup()"}}],"line":16,"name":"Negative Login","description":"","id":"testing-login-functionality-for-bravocare;negative-login;;2","after":[{"result":{"duration":202276000,"status":"passed"},"match":{"location":"com.testUI.bravoCare.stepdefinitions.Hook.tearDown(io.cucumber.java.Scenario)"}}],"type":"scenario","keyword":"Scenario Outline","steps":[{"result":{"duration":159503000,"status":"passed"},"line":11,"name":"User provides '','qa_password4' and clicks login button","match":{"arguments":[{"val":"''","offset":14},{"val":"'qa_password4'","offset":17}],"location":"com.testUI.bravoCare.stepdefinitions.LoginStepDef.userProvideAndClicksLoginButton(java.lang.String,java.lang.String)"},"keyword":"When "},{"result":{"error_message":"org.openqa.selenium.NoSuchElementException: no such element: Unable to locate element: {\"method\":\"xpath\",\"selector\":\"//p[contains(text(),'Sorry the password')]\"}\n  (Session info: chrome=115.0.5790.170)\nFor documentation on this error, please visit: https://selenium.dev/exceptions/#no_such_element\nBuild info: version: '4.9.1', revision: 'eb2032df7f'\nSystem info: os.name: 'Mac OS X', os.arch: 'aarch64', os.version: '13.5', java.version: '11.0.17'\nDriver info: org.openqa.selenium.chrome.ChromeDriver\nCommand: [6449ba0baeff92145545112a28bae859, findElement {using=xpath, value=//p[contains(text(),'Sorry the password')]}]\nCapabilities {acceptInsecureCerts: false, browserName: chrome, browserVersion: 115.0.5790.170, chrome: {chromedriverVersion: 114.0.5735.90 (386bc09e8f4f..., userDataDir: /var/folders/_c/5z7052m97bd...}, goog:chromeOptions: {debuggerAddress: localhost:61572}, networkConnectionEnabled: false, pageLoadStrategy: normal, platformName: mac, proxy: Proxy(), se:cdp: ws://localhost:61572/devtoo..., se:cdpVersion: 115.0.5790.170, setWindowRect: true, strictFileInteractability: false, timeouts: {implicit: 0, pageLoad: 300000, script: 30000}, unhandledPromptBehavior: dismiss and notify, webauthn:extension:credBlob: true, webauthn:extension:largeBlob: true, webauthn:extension:minPinLength: true, webauthn:extension:prf: true, webauthn:virtualAuthenticators: true}\nSession ID: 6449ba0baeff92145545112a28bae859\n\tat java.base/jdk.internal.reflect.NativeConstructorAccessorImpl.newInstance0(Native Method)\n\tat java.base/jdk.internal.reflect.NativeConstructorAccessorImpl.newInstance(NativeConstructorAccessorImpl.java:62)\n\tat java.base/jdk.internal.reflect.DelegatingConstructorAccessorImpl.newInstance(DelegatingConstructorAccessorImpl.java:45)\n\tat java.base/java.lang.reflect.Constructor.newInstance(Constructor.java:490)\n\tat org.openqa.selenium.remote.codec.w3c.W3CHttpResponseCodec.createException(W3CHttpResponseCodec.java:200)\n\tat org.openqa.selenium.remote.codec.w3c.W3CHttpResponseCodec.decode(W3CHttpResponseCodec.java:133)\n\tat org.openqa.selenium.remote.codec.w3c.W3CHttpResponseCodec.decode(W3CHttpResponseCodec.java:53)\n\tat org.openqa.selenium.remote.HttpCommandExecutor.execute(HttpCommandExecutor.java:193)\n\tat org.openqa.selenium.remote.service.DriverCommandExecutor.invokeExecute(DriverCommandExecutor.java:183)\n\tat org.openqa.selenium.remote.service.DriverCommandExecutor.execute(DriverCommandExecutor.java:158)\n\tat org.openqa.selenium.remote.RemoteWebDriver.execute(RemoteWebDriver.java:543)\n\tat org.openqa.selenium.remote.ElementLocation$ElementFinder$2.findElement(ElementLocation.java:162)\n\tat org.openqa.selenium.remote.ElementLocation.findElement(ElementLocation.java:60)\n\tat org.openqa.selenium.remote.RemoteWebDriver.findElement(RemoteWebDriver.java:352)\n\tat org.openqa.selenium.remote.RemoteWebDriver.findElement(RemoteWebDriver.java:344)\n\tat org.openqa.selenium.support.pagefactory.DefaultElementLocator.findElement(DefaultElementLocator.java:70)\n\tat org.openqa.selenium.support.pagefactory.internal.LocatingElementHandler.invoke(LocatingElementHandler.java:39)\n\tat com.sun.proxy.$Proxy22.getText(Unknown Source)\n\tat utils.BrowserUtils.getText(BrowserUtils.java:15)\n\tat com.testUI.bravoCare.pages.LoginPage.passwordInputErrorMessage(LoginPage.java:43)\n\tat com.testUI.bravoCare.stepdefinitions.LoginStepDef.userValidatesTheMessage(LoginStepDef.java:37)\n\tat ✽.User validates the message 'Please enter an email address.'(file:///Users/ulziiganbat/IdeaProjects/BravoCare/src/test/resources/features/bravoCareUi/LoginFunctionality.feature:12)\n","duration":12063268000,"status":"failed"},"line":12,"name":"User validates the message 'Please enter an email address.'","match":{"arguments":[{"val":"'Please enter an email address.'","offset":27}],"location":"com.testUI.bravoCare.stepdefinitions.LoginStepDef.userValidatesTheMessage(java.lang.String)"},"keyword":"Then "}],"tags":[{"name":"@smoke"}]},{"start_timestamp":"2023-08-04T04:42:41.244Z","before":[{"result":{"duration":2571309000,"status":"passed"},"match":{"location":"com.testUI.bravoCare.stepdefinitions.Hook.setup()"}}],"line":17,"name":"Negative Login","description":"","id":"testing-login-functionality-for-bravocare;negative-login;;3","after":[{"result":{"duration":218671000,"status":"passed"},"match":{"location":"com.testUI.bravoCare.stepdefinitions.Hook.tearDown(io.cucumber.java.Scenario)"}}],"type":"scenario","keyword":"Scenario Outline","steps":[{"result":{"duration":177851000,"status":"passed"},"line":11,"name":"User provides 'qa_candidate@email.com','' and clicks login button","match":{"arguments":[{"val":"'qa_candidate@email.com'","offset":14},{"val":"''","offset":39}],"location":"com.testUI.bravoCare.stepdefinitions.LoginStepDef.userProvideAndClicksLoginButton(java.lang.String,java.lang.String)"},"keyword":"When "},{"result":{"error_message":"org.openqa.selenium.NoSuchElementException: no such element: Unable to locate element: {\"method\":\"xpath\",\"selector\":\"//p[contains(text(),'Sorry the password')]\"}\n  (Session info: chrome=115.0.5790.170)\nFor documentation on this error, please visit: https://selenium.dev/exceptions/#no_such_element\nBuild info: version: '4.9.1', revision: 'eb2032df7f'\nSystem info: os.name: 'Mac OS X', os.arch: 'aarch64', os.version: '13.5', java.version: '11.0.17'\nDriver info: org.openqa.selenium.chrome.ChromeDriver\nCommand: [bde65a8bae9fdd3d774f9474b3e2614c, findElement {using=xpath, value=//p[contains(text(),'Sorry the password')]}]\nCapabilities {acceptInsecureCerts: false, browserName: chrome, browserVersion: 115.0.5790.170, chrome: {chromedriverVersion: 114.0.5735.90 (386bc09e8f4f..., userDataDir: /var/folders/_c/5z7052m97bd...}, goog:chromeOptions: {debuggerAddress: localhost:61668}, networkConnectionEnabled: false, pageLoadStrategy: normal, platformName: mac, proxy: Proxy(), se:cdp: ws://localhost:61668/devtoo..., se:cdpVersion: 115.0.5790.170, setWindowRect: true, strictFileInteractability: false, timeouts: {implicit: 0, pageLoad: 300000, script: 30000}, unhandledPromptBehavior: dismiss and notify, webauthn:extension:credBlob: true, webauthn:extension:largeBlob: true, webauthn:extension:minPinLength: true, webauthn:extension:prf: true, webauthn:virtualAuthenticators: true}\nSession ID: bde65a8bae9fdd3d774f9474b3e2614c\n\tat java.base/jdk.internal.reflect.NativeConstructorAccessorImpl.newInstance0(Native Method)\n\tat java.base/jdk.internal.reflect.NativeConstructorAccessorImpl.newInstance(NativeConstructorAccessorImpl.java:62)\n\tat java.base/jdk.internal.reflect.DelegatingConstructorAccessorImpl.newInstance(DelegatingConstructorAccessorImpl.java:45)\n\tat java.base/java.lang.reflect.Constructor.newInstance(Constructor.java:490)\n\tat org.openqa.selenium.remote.codec.w3c.W3CHttpResponseCodec.createException(W3CHttpResponseCodec.java:200)\n\tat org.openqa.selenium.remote.codec.w3c.W3CHttpResponseCodec.decode(W3CHttpResponseCodec.java:133)\n\tat org.openqa.selenium.remote.codec.w3c.W3CHttpResponseCodec.decode(W3CHttpResponseCodec.java:53)\n\tat org.openqa.selenium.remote.HttpCommandExecutor.execute(HttpCommandExecutor.java:193)\n\tat org.openqa.selenium.remote.service.DriverCommandExecutor.invokeExecute(DriverCommandExecutor.java:183)\n\tat org.openqa.selenium.remote.service.DriverCommandExecutor.execute(DriverCommandExecutor.java:158)\n\tat org.openqa.selenium.remote.RemoteWebDriver.execute(RemoteWebDriver.java:543)\n\tat org.openqa.selenium.remote.ElementLocation$ElementFinder$2.findElement(ElementLocation.java:162)\n\tat org.openqa.selenium.remote.ElementLocation.findElement(ElementLocation.java:60)\n\tat org.openqa.selenium.remote.RemoteWebDriver.findElement(RemoteWebDriver.java:352)\n\tat org.openqa.selenium.remote.RemoteWebDriver.findElement(RemoteWebDriver.java:344)\n\tat org.openqa.selenium.support.pagefactory.DefaultElementLocator.findElement(DefaultElementLocator.java:70)\n\tat org.openqa.selenium.support.pagefactory.internal.LocatingElementHandler.invoke(LocatingElementHandler.java:39)\n\tat com.sun.proxy.$Proxy22.getText(Unknown Source)\n\tat utils.BrowserUtils.getText(BrowserUtils.java:15)\n\tat com.testUI.bravoCare.pages.LoginPage.passwordInputErrorMessage(LoginPage.java:43)\n\tat com.testUI.bravoCare.stepdefinitions.LoginStepDef.userValidatesTheMessage(LoginStepDef.java:37)\n\tat ✽.User validates the message 'Please enter a password.'(file:///Users/ulziiganbat/IdeaProjects/BravoCare/src/test/resources/features/bravoCareUi/LoginFunctionality.feature:12)\n","duration":12041990000,"status":"failed"},"line":12,"name":"User validates the message 'Please enter a password.'","match":{"arguments":[{"val":"'Please enter a password.'","offset":27}],"location":"com.testUI.bravoCare.stepdefinitions.LoginStepDef.userValidatesTheMessage(java.lang.String)"},"keyword":"Then "}],"tags":[{"name":"@smoke"}]},{"start_timestamp":"2023-08-04T04:42:56.266Z","before":[{"result":{"duration":2599226000,"status":"passed"},"match":{"location":"com.testUI.bravoCare.stepdefinitions.Hook.setup()"}}],"line":18,"name":"Negative Login","description":"","id":"testing-login-functionality-for-bravocare;negative-login;;4","after":[{"result":{"duration":194313000,"status":"passed"},"match":{"location":"com.testUI.bravoCare.stepdefinitions.Hook.tearDown(io.cucumber.java.Scenario)"}}],"type":"scenario","keyword":"Scenario Outline","steps":[{"result":{"duration":179121000,"status":"passed"},"line":11,"name":"User provides 'qa_candidatemail.com','qa_password4' and clicks login button","match":{"arguments":[{"val":"'qa_candidatemail.com'","offset":14},{"val":"'qa_password4'","offset":37}],"location":"com.testUI.bravoCare.stepdefinitions.LoginStepDef.userProvideAndClicksLoginButton(java.lang.String,java.lang.String)"},"keyword":"When "},{"result":{"error_message":"org.openqa.selenium.NoSuchElementException: no such element: Unable to locate element: {\"method\":\"xpath\",\"selector\":\"//p[contains(text(),'Sorry the password')]\"}\n  (Session info: chrome=115.0.5790.170)\nFor documentation on this error, please visit: https://selenium.dev/exceptions/#no_such_element\nBuild info: version: '4.9.1', revision: 'eb2032df7f'\nSystem info: os.name: 'Mac OS X', os.arch: 'aarch64', os.version: '13.5', java.version: '11.0.17'\nDriver info: org.openqa.selenium.chrome.ChromeDriver\nCommand: [49bebfb81adea1d47a9e8921130472af, findElement {using=xpath, value=//p[contains(text(),'Sorry the password')]}]\nCapabilities {acceptInsecureCerts: false, browserName: chrome, browserVersion: 115.0.5790.170, chrome: {chromedriverVersion: 114.0.5735.90 (386bc09e8f4f..., userDataDir: /var/folders/_c/5z7052m97bd...}, goog:chromeOptions: {debuggerAddress: localhost:61763}, networkConnectionEnabled: false, pageLoadStrategy: normal, platformName: mac, proxy: Proxy(), se:cdp: ws://localhost:61763/devtoo..., se:cdpVersion: 115.0.5790.170, setWindowRect: true, strictFileInteractability: false, timeouts: {implicit: 0, pageLoad: 300000, script: 30000}, unhandledPromptBehavior: dismiss and notify, webauthn:extension:credBlob: true, webauthn:extension:largeBlob: true, webauthn:extension:minPinLength: true, webauthn:extension:prf: true, webauthn:virtualAuthenticators: true}\nSession ID: 49bebfb81adea1d47a9e8921130472af\n\tat java.base/jdk.internal.reflect.NativeConstructorAccessorImpl.newInstance0(Native Method)\n\tat java.base/jdk.internal.reflect.NativeConstructorAccessorImpl.newInstance(NativeConstructorAccessorImpl.java:62)\n\tat java.base/jdk.internal.reflect.DelegatingConstructorAccessorImpl.newInstance(DelegatingConstructorAccessorImpl.java:45)\n\tat java.base/java.lang.reflect.Constructor.newInstance(Constructor.java:490)\n\tat org.openqa.selenium.remote.codec.w3c.W3CHttpResponseCodec.createException(W3CHttpResponseCodec.java:200)\n\tat org.openqa.selenium.remote.codec.w3c.W3CHttpResponseCodec.decode(W3CHttpResponseCodec.java:133)\n\tat org.openqa.selenium.remote.codec.w3c.W3CHttpResponseCodec.decode(W3CHttpResponseCodec.java:53)\n\tat org.openqa.selenium.remote.HttpCommandExecutor.execute(HttpCommandExecutor.java:193)\n\tat org.openqa.selenium.remote.service.DriverCommandExecutor.invokeExecute(DriverCommandExecutor.java:183)\n\tat org.openqa.selenium.remote.service.DriverCommandExecutor.execute(DriverCommandExecutor.java:158)\n\tat org.openqa.selenium.remote.RemoteWebDriver.execute(RemoteWebDriver.java:543)\n\tat org.openqa.selenium.remote.ElementLocation$ElementFinder$2.findElement(ElementLocation.java:162)\n\tat org.openqa.selenium.remote.ElementLocation.findElement(ElementLocation.java:60)\n\tat org.openqa.selenium.remote.RemoteWebDriver.findElement(RemoteWebDriver.java:352)\n\tat org.openqa.selenium.remote.RemoteWebDriver.findElement(RemoteWebDriver.java:344)\n\tat org.openqa.selenium.support.pagefactory.DefaultElementLocator.findElement(DefaultElementLocator.java:70)\n\tat org.openqa.selenium.support.pagefactory.internal.LocatingElementHandler.invoke(LocatingElementHandler.java:39)\n\tat com.sun.proxy.$Proxy22.getText(Unknown Source)\n\tat utils.BrowserUtils.getText(BrowserUtils.java:15)\n\tat com.testUI.bravoCare.pages.LoginPage.passwordInputErrorMessage(LoginPage.java:43)\n\tat com.testUI.bravoCare.stepdefinitions.LoginStepDef.userValidatesTheMessage(LoginStepDef.java:37)\n\tat ✽.User validates the message 'Username must be an email address.'(file:///Users/ulziiganbat/IdeaProjects/BravoCare/src/test/resources/features/bravoCareUi/LoginFunctionality.feature:12)\n","duration":12102930000,"status":"failed"},"line":12,"name":"User validates the message 'Username must be an email address.'","match":{"arguments":[{"val":"'Username must be an email address.'","offset":27}],"location":"com.testUI.bravoCare.stepdefinitions.LoginStepDef.userValidatesTheMessage(java.lang.String)"},"keyword":"Then "}],"tags":[{"name":"@smoke"}]},{"start_timestamp":"2023-08-04T04:43:11.354Z","before":[{"result":{"duration":2632706000,"status":"passed"},"match":{"location":"com.testUI.bravoCare.stepdefinitions.Hook.setup()"}}],"line":19,"name":"Negative Login","description":"","id":"testing-login-functionality-for-bravocare;negative-login;;5","after":[{"result":{"duration":210536000,"status":"passed"},"match":{"location":"com.testUI.bravoCare.stepdefinitions.Hook.tearDown(io.cucumber.java.Scenario)"}}],"type":"scenario","keyword":"Scenario Outline","steps":[{"result":{"duration":175614000,"status":"passed"},"line":11,"name":"User provides 'qa_candidate@email.com','qa_PASSWORD4' and clicks login button","match":{"arguments":[{"val":"'qa_candidate@email.com'","offset":14},{"val":"'qa_PASSWORD4'","offset":39}],"location":"com.testUI.bravoCare.stepdefinitions.LoginStepDef.userProvideAndClicksLoginButton(java.lang.String,java.lang.String)"},"keyword":"When "},{"result":{"error_message":"java.lang.AssertionError\n\tat org.junit.Assert.fail(Assert.java:87)\n\tat org.junit.Assert.assertTrue(Assert.java:42)\n\tat org.junit.Assert.assertTrue(Assert.java:53)\n\tat com.testUI.bravoCare.pages.LoginPage.passwordInputErrorMessage(LoginPage.java:43)\n\tat com.testUI.bravoCare.stepdefinitions.LoginStepDef.userValidatesTheMessage(LoginStepDef.java:37)\n\tat ✽.User validates the message 'Sorry the password isn t right.'(file:///Users/ulziiganbat/IdeaProjects/BravoCare/src/test/resources/features/bravoCareUi/LoginFunctionality.feature:12)\n","duration":2046431000,"status":"failed"},"line":12,"name":"User validates the message 'Sorry the password isn t right.'","match":{"arguments":[{"val":"'Sorry the password isn t right.'","offset":27}],"location":"com.testUI.bravoCare.stepdefinitions.LoginStepDef.userValidatesTheMessage(java.lang.String)"},"keyword":"Then "}],"tags":[{"name":"@smoke"}]}],"name":"Testing login functionality for BravoCare","description":"","id":"testing-login-functionality-for-bravocare","keyword":"Feature","uri":"file:src/test/resources/features/bravoCareUi/LoginFunctionality.feature","tags":[{"name":"@smoke","type":"Tag","location":{"line":1,"column":1}}]}]